Frontend/app/build/intermediates/manifest_merge_blame_file/release/processReleaseMainManifest/manifest-merger-blame-release-report.txt
1<?xml version="1.0" encoding="utf-8"?>
2<!--
3    Copyright 2019 Google Inc. All Rights Reserved.
4
5     Licensed under the Apache License, Version 2.0 (the "License");
6     you may not use this file except in compliance with the License.
7     You may obtain a copy of the License at
8
9         http://www.apache.org/licenses/LICENSE-2.0
10
11     Unless required by applicable law or agreed to in writing, software
12     distributed under the License is distributed on an "AS IS" BASIS,
13     WITHOUT WARRANTIES OR CONDITIONS OF ANY KIND, either express or implied.
14     See the License for the specific language governing permissions and
15     limitations under the License.
16-->
17<!--
18 The "package" attribute is rewritten by the Gradle build with the value of applicationId.
19     It is still required here, as it is used to derive paths, for instance when referring
20     to an Activity by ".MyActivity" instead of the full name. If more Activities are added to the
21     application, the package attribute will need to reflect the correct path in order to use
22     the abbreviated format.
23-->
24<manifest xmlns:android="http://schemas.android.com/apk/res/android"
25    package="com.hsj.powerclicker"
26    android:versionCode="570003"
27    android:versionName="BongTMI" >
28
29    <uses-sdk
30        android:minSdkVersion="21"
31        android:targetSdkVersion="35" />
32
33    <uses-permission android:name="android.permission.POST_NOTIFICATIONS" />
33-->src\main\AndroidManifest.xml:26:9-80
33-->src\main\AndroidManifest.xml:26:26-78
34    <uses-permission android:name="android.permission.ACCESS_FINE_LOCATION" />
34-->[com.google.androidbrowserhelper:locationdelegation:1.1.1] AndroidManifest.xml:11:5-79
34-->[com.google.androidbrowserhelper:locationdelegation:1.1.1] AndroidManifest.xml:11:22-76
35    <uses-permission android:name="android.permission.ACCESS_COARSE_LOCATION" />
35-->[com.google.androidbrowserhelper:locationdelegation:1.1.1] AndroidManifest.xml:12:5-81
35-->[com.google.androidbrowserhelper:locationdelegation:1.1.1] AndroidManifest.xml:12:22-78
36
37    <queries>
37-->[com.google.androidbrowserhelper:androidbrowserhelper:2.5.0] AndroidManifest.xml:26:5-34:15
38        <intent>
38-->[com.google.androidbrowserhelper:androidbrowserhelper:2.5.0] AndroidManifest.xml:27:9-33:18
39            <action android:name="android.intent.action.VIEW" />
39-->src\main\AndroidManifest.xml:137:17-68
39-->src\main\AndroidManifest.xml:137:25-66
40
41            <category android:name="android.intent.category.BROWSABLE" />
41-->src\main\AndroidManifest.xml:139:17-77
41-->src\main\AndroidManifest.xml:139:27-75
42
43            <data android:scheme="https" />
43-->src\main\AndroidManifest.xml:140:17-143:19
43-->src\main\AndroidManifest.xml:140:23-45
44        </intent>
45        <intent>
45-->[com.android.billingclient:billing:6.2.1] AndroidManifest.xml:13:9-15:18
46            <action android:name="com.android.vending.billing.InAppBillingService.BIND" />
46-->[com.android.billingclient:billing:6.2.1] AndroidManifest.xml:14:13-91
46-->[com.android.billingclient:billing:6.2.1] AndroidManifest.xml:14:21-88
47        </intent>
48    </queries>
49
50    <uses-permission android:name="com.android.vending.BILLING" /> <!-- Although the *SdkVersion is captured in gradle build files, this is required for non gradle builds -->
50-->[com.android.billingclient:billing:6.2.1] AndroidManifest.xml:10:5-67
50-->[com.android.billingclient:billing:6.2.1] AndroidManifest.xml:10:22-64
51    <!-- <uses-sdk android:minSdkVersion="14"/> -->
52    <uses-permission android:name="android.permission.ACCESS_NETWORK_STATE" />
52-->[com.google.android.datatransport:transport-backend-cct:3.1.8] AndroidManifest.xml:24:5-79
52-->[com.google.android.datatransport:transport-backend-cct:3.1.8] AndroidManifest.xml:24:22-76
53    <uses-permission android:name="android.permission.INTERNET" />
53-->[com.google.android.datatransport:transport-backend-cct:3.1.8] AndroidManifest.xml:25:5-67
53-->[com.google.android.datatransport:transport-backend-cct:3.1.8] AndroidManifest.xml:25:22-64
54
55    <application
55-->src\main\AndroidManifest.xml:35:5-214:19
56        android:name="com.hsj.powerclicker.Application"
56-->src\main\AndroidManifest.xml:36:9-35
57        android:allowBackup="true"
57-->src\main\AndroidManifest.xml:37:9-35
58        android:appComponentFactory="androidx.core.app.CoreComponentFactory"
58-->[androidx.core:core:1.2.0] AndroidManifest.xml:24:18-86
59        android:extractNativeLibs="true"
60        android:icon="@mipmap/ic_launcher"
60-->src\main\AndroidManifest.xml:38:9-43
61        android:label="@string/appName"
61-->src\main\AndroidManifest.xml:39:9-40
62        android:manageSpaceActivity="com.google.androidbrowserhelper.trusted.ManageDataLauncherActivity"
62-->src\main\AndroidManifest.xml:41:9-105
63        android:supportsRtl="true"
63-->src\main\AndroidManifest.xml:43:9-35
64        android:theme="@android:style/Theme.Translucent.NoTitleBar" >
64-->src\main\AndroidManifest.xml:44:9-68
65        <meta-data
65-->src\main\AndroidManifest.xml:46:9-48:58
66            android:name="asset_statements"
66-->src\main\AndroidManifest.xml:47:13-44
67            android:resource="@string/assetStatements" />
67-->src\main\AndroidManifest.xml:48:13-55
68        <meta-data
68-->src\main\AndroidManifest.xml:51:13-53:58
69            android:name="web_manifest_url"
69-->src\main\AndroidManifest.xml:52:17-48
70            android:value="@string/webManifestUrl" />
70-->src\main\AndroidManifest.xml:53:17-55
71        <meta-data
71-->src\main\AndroidManifest.xml:56:9-58:52
72            android:name="twa_generator"
72-->src\main\AndroidManifest.xml:57:13-41
73            android:value="@string/generatorApp" />
73-->src\main\AndroidManifest.xml:58:13-49
74
75        <activity android:name="com.google.androidbrowserhelper.trusted.ManageDataLauncherActivity" >
75-->src\main\AndroidManifest.xml:65:13-69:24
75-->src\main\AndroidManifest.xml:65:23-104
76            <meta-data
76-->src\main\AndroidManifest.xml:66:13-68:53
77                android:name="android.support.customtabs.trusted.MANAGE_SPACE_URL"
77-->src\main\AndroidManifest.xml:67:17-83
78                android:value="@string/launchUrl" />
78-->src\main\AndroidManifest.xml:68:17-50
79        </activity>
80        <activity
80-->src\main\AndroidManifest.xml:72:9-147:20
81            android:name="com.hsj.powerclicker.LauncherActivity"
81-->src\main\AndroidManifest.xml:72:19-50
82            android:alwaysRetainTaskState="true"
82-->src\main\AndroidManifest.xml:73:13-49
83            android:exported="true"
83-->src\main\AndroidManifest.xml:75:13-36
84            android:label="@string/launcherName" >
84-->src\main\AndroidManifest.xml:74:13-49
85            <meta-data
85-->src\main\AndroidManifest.xml:76:13-77:53
86                android:name="android.support.customtabs.trusted.DEFAULT_URL"
86-->src\main\AndroidManifest.xml:76:24-85
87                android:value="@string/launchUrl" />
87-->src\main\AndroidManifest.xml:77:17-50
88            <meta-data
88-->src\main\AndroidManifest.xml:79:13-81:58
89                android:name="android.support.customtabs.trusted.STATUS_BAR_COLOR"
89-->src\main\AndroidManifest.xml:80:17-83
90                android:resource="@color/colorPrimary" />
90-->src\main\AndroidManifest.xml:81:17-55
91            <meta-data
91-->src\main\AndroidManifest.xml:83:13-85:62
92                android:name="android.support.customtabs.trusted.STATUS_BAR_COLOR_DARK"
92-->src\main\AndroidManifest.xml:84:17-88
93                android:resource="@color/colorPrimaryDark" />
93-->src\main\AndroidManifest.xml:85:17-59
94            <meta-data
94-->src\main\AndroidManifest.xml:87:13-89:61
95                android:name="android.support.customtabs.trusted.NAVIGATION_BAR_COLOR"
95-->src\main\AndroidManifest.xml:88:17-87
96                android:resource="@color/navigationColor" />
96-->src\main\AndroidManifest.xml:89:17-58
97            <meta-data
97-->src\main\AndroidManifest.xml:91:13-93:65
98                android:name="android.support.customtabs.trusted.NAVIGATION_BAR_COLOR_DARK"
98-->src\main\AndroidManifest.xml:92:17-92
99                android:resource="@color/navigationColorDark" />
99-->src\main\AndroidManifest.xml:93:17-62
100            <meta-data
100-->src\main\AndroidManifest.xml:95:13-97:68
101                android:name="androix.browser.trusted.NAVIGATION_BAR_DIVIDER_COLOR"
101-->src\main\AndroidManifest.xml:96:17-84
102                android:resource="@color/navigationDividerColor" />
102-->src\main\AndroidManifest.xml:97:17-65
103            <meta-data
103-->src\main\AndroidManifest.xml:99:13-101:72
104                android:name="androix.browser.trusted.NAVIGATION_BAR_DIVIDER_COLOR_DARK"
104-->src\main\AndroidManifest.xml:100:17-89
105                android:resource="@color/navigationDividerColorDark" />
105-->src\main\AndroidManifest.xml:101:17-69
106            <meta-data
106-->src\main\AndroidManifest.xml:103:13-104:54
107                android:name="android.support.customtabs.trusted.SPLASH_IMAGE_DRAWABLE"
107-->src\main\AndroidManifest.xml:103:24-95
108                android:resource="@drawable/splash" />
108-->src\main\AndroidManifest.xml:104:17-52
109            <meta-data
109-->src\main\AndroidManifest.xml:106:13-107:60
110                android:name="android.support.customtabs.trusted.SPLASH_SCREEN_BACKGROUND_COLOR"
110-->src\main\AndroidManifest.xml:106:24-104
111                android:resource="@color/backgroundColor" />
111-->src\main\AndroidManifest.xml:107:17-58
112            <meta-data
112-->src\main\AndroidManifest.xml:109:13-110:71
113                android:name="android.support.customtabs.trusted.SPLASH_SCREEN_FADE_OUT_DURATION"
113-->src\main\AndroidManifest.xml:109:24-105
114                android:value="@integer/splashScreenFadeOutDuration" />
114-->src\main\AndroidManifest.xml:110:17-69
115            <meta-data
115-->src\main\AndroidManifest.xml:112:13-113:60
116                android:name="android.support.customtabs.trusted.FILE_PROVIDER_AUTHORITY"
116-->src\main\AndroidManifest.xml:112:24-97
117                android:value="@string/providerAuthority" />
117-->src\main\AndroidManifest.xml:113:17-58
118            <meta-data
118-->src\main\AndroidManifest.xml:115:13-97
119                android:name="android.app.shortcuts"
119-->src\main\AndroidManifest.xml:115:24-60
120                android:resource="@xml/shortcuts" />
120-->src\main\AndroidManifest.xml:115:61-94
121            <meta-data
121-->src\main\AndroidManifest.xml:117:13-118:56
122                android:name="android.support.customtabs.trusted.FALLBACK_STRATEGY"
122-->src\main\AndroidManifest.xml:117:24-91
123                android:value="@string/fallbackType" />
123-->src\main\AndroidManifest.xml:118:17-53
124            <meta-data
124-->src\main\AndroidManifest.xml:124:13-125:54
125                android:name="android.support.customtabs.trusted.SCREEN_ORIENTATION"
125-->src\main\AndroidManifest.xml:124:24-92
126                android:value="@string/orientation" />
126-->src\main\AndroidManifest.xml:125:17-52
127
128            <intent-filter>
128-->src\main\AndroidManifest.xml:131:13-134:29
129                <action android:name="android.intent.action.MAIN" />
129-->src\main\AndroidManifest.xml:132:17-69
129-->src\main\AndroidManifest.xml:132:25-66
130
131                <category android:name="android.intent.category.LAUNCHER" />
131-->src\main\AndroidManifest.xml:133:17-77
131-->src\main\AndroidManifest.xml:133:27-74
132            </intent-filter>
133            <intent-filter android:autoVerify="true" >
133-->src\main\AndroidManifest.xml:136:13-144:29
133-->src\main\AndroidManifest.xml:136:28-53
134                <action android:name="android.intent.action.VIEW" />
134-->src\main\AndroidManifest.xml:137:17-68
134-->src\main\AndroidManifest.xml:137:25-66
135
136                <category android:name="android.intent.category.DEFAULT" />
136-->src\main\AndroidManifest.xml:138:17-76
136-->src\main\AndroidManifest.xml:138:27-73
137                <category android:name="android.intent.category.BROWSABLE" />
137-->src\main\AndroidManifest.xml:139:17-77
137-->src\main\AndroidManifest.xml:139:27-75
138
139                <data
139-->src\main\AndroidManifest.xml:140:17-143:19
140                    android:host="@string/hostName"
140-->src\main\AndroidManifest.xml:141:21-52
141                    android:scheme="https" />
141-->src\main\AndroidManifest.xml:140:23-45
142            </intent-filter>
143        </activity>
144        <activity android:name="com.google.androidbrowserhelper.trusted.FocusActivity" />
144-->src\main\AndroidManifest.xml:149:9-90
144-->src\main\AndroidManifest.xml:149:19-87
145        <activity
145-->src\main\AndroidManifest.xml:151:9-152:62
146            android:name="com.google.androidbrowserhelper.trusted.WebViewFallbackActivity"
146-->src\main\AndroidManifest.xml:151:19-97
147            android:configChanges="orientation|screenSize" />
147-->src\main\AndroidManifest.xml:152:13-59
148
149        <provider
149-->src\main\AndroidManifest.xml:154:9-162:20
150            android:name="androidx.core.content.FileProvider"
150-->src\main\AndroidManifest.xml:155:13-62
151            android:authorities="@string/providerAuthority"
151-->src\main\AndroidManifest.xml:156:13-60
152            android:exported="false"
152-->src\main\AndroidManifest.xml:158:13-37
153            android:grantUriPermissions="true" >
153-->src\main\AndroidManifest.xml:157:13-47
154            <meta-data
154-->src\main\AndroidManifest.xml:159:13-161:53
155                android:name="android.support.FILE_PROVIDER_PATHS"
155-->src\main\AndroidManifest.xml:160:17-67
156                android:resource="@xml/filepaths" />
156-->src\main\AndroidManifest.xml:161:17-50
157        </provider>
158
159        <service
159-->src\main\AndroidManifest.xml:164:9-179:19
160            android:name="com.hsj.powerclicker.DelegationService"
160-->src\main\AndroidManifest.xml:165:13-46
161            android:enabled="@bool/enableNotification"
161-->src\main\AndroidManifest.xml:166:13-55
162            android:exported="@bool/enableNotification" >
162-->src\main\AndroidManifest.xml:167:13-56
163            <meta-data
163-->src\main\AndroidManifest.xml:170:17-172:73
164                android:name="android.support.customtabs.trusted.SMALL_ICON"
164-->src\main\AndroidManifest.xml:171:21-81
165                android:resource="@drawable/ic_notification_icon" />
165-->src\main\AndroidManifest.xml:172:21-70
166
167            <intent-filter>
167-->src\main\AndroidManifest.xml:175:13-178:29
168                <action android:name="android.support.customtabs.trusted.TRUSTED_WEB_ACTIVITY_SERVICE" />
168-->src\main\AndroidManifest.xml:176:17-105
168-->src\main\AndroidManifest.xml:176:25-103
169
170                <category android:name="android.intent.category.DEFAULT" />
170-->src\main\AndroidManifest.xml:138:17-76
170-->src\main\AndroidManifest.xml:138:27-73
171            </intent-filter>
172        </service>
173
174        <activity android:name="com.google.androidbrowserhelper.trusted.NotificationPermissionRequestActivity" />
174-->src\main\AndroidManifest.xml:182:13-118
174-->src\main\AndroidManifest.xml:182:23-115
175        <activity android:name="com.google.androidbrowserhelper.locationdelegation.PermissionRequestActivity" />
175-->src\main\AndroidManifest.xml:186:13-187:89
175-->src\main\AndroidManifest.xml:186:23-123
176        <activity
176-->src\main\AndroidManifest.xml:190:9-203:20
177            android:name="com.google.androidbrowserhelper.playbilling.provider.PaymentActivity"
177-->src\main\AndroidManifest.xml:191:13-96
178            android:configChanges="keyboardHidden|keyboard|orientation|screenLayout|screenSize"
178-->src\main\AndroidManifest.xml:193:13-96
179            android:exported="true"
179-->src\main\AndroidManifest.xml:194:13-36
180            android:theme="@android:style/Theme.Translucent.NoTitleBar" >
180-->src\main\AndroidManifest.xml:192:13-72
181            <intent-filter>
181-->src\main\AndroidManifest.xml:196:13-198:29
182                <action android:name="org.chromium.intent.action.PAY" />
182-->src\main\AndroidManifest.xml:197:17-73
182-->src\main\AndroidManifest.xml:197:25-70
183            </intent-filter>
184
185            <meta-data
185-->src\main\AndroidManifest.xml:200:13-202:67
186                android:name="org.chromium.default_payment_method_name"
186-->src\main\AndroidManifest.xml:201:17-72
187                android:value="https://play.google.com/billing" />
187-->src\main\AndroidManifest.xml:202:17-64
188        </activity>
189
190        <!-- This service checks who calls it at runtime. -->
191        <service
191-->src\main\AndroidManifest.xml:206:9-212:19
192            android:name="com.google.androidbrowserhelper.playbilling.provider.PaymentService"
192-->src\main\AndroidManifest.xml:207:13-95
193            android:exported="true" >
193-->src\main\AndroidManifest.xml:208:13-36
194            <intent-filter>
194-->src\main\AndroidManifest.xml:209:13-211:29
195                <action android:name="org.chromium.intent.action.IS_READY_TO_PAY" />
195-->src\main\AndroidManifest.xml:210:17-85
195-->src\main\AndroidManifest.xml:210:25-82
196            </intent-filter>
197        </service>
198
199        <meta-data
199-->[com.android.billingclient:billing:6.2.1] AndroidManifest.xml:19:9-21:37
200            android:name="com.google.android.play.billingclient.version"
200-->[com.android.billingclient:billing:6.2.1] AndroidManifest.xml:20:13-73
201            android:value="6.2.1" />
201-->[com.android.billingclient:billing:6.2.1] AndroidManifest.xml:21:13-34
202
203        <activity
203-->[com.android.billingclient:billing:6.2.1] AndroidManifest.xml:23:9-27:75
204            android:name="com.android.billingclient.api.ProxyBillingActivity"
204-->[com.android.billingclient:billing:6.2.1] AndroidManifest.xml:24:13-78
205            android:configChanges="keyboard|keyboardHidden|screenLayout|screenSize|orientation"
205-->[com.android.billingclient:billing:6.2.1] AndroidManifest.xml:25:13-96
206            android:exported="false"
206-->[com.android.billingclient:billing:6.2.1] AndroidManifest.xml:26:13-37
207            android:theme="@android:style/Theme.Translucent.NoTitleBar" />
207-->[com.android.billingclient:billing:6.2.1] AndroidManifest.xml:27:13-72
208        <activity
208-->[com.android.billingclient:billing:6.2.1] AndroidManifest.xml:28:9-32:75
209            android:name="com.android.billingclient.api.ProxyBillingActivityV2"
209-->[com.android.billingclient:billing:6.2.1] AndroidManifest.xml:29:13-80
210            android:configChanges="keyboard|keyboardHidden|screenLayout|screenSize|orientation"
210-->[com.android.billingclient:billing:6.2.1] AndroidManifest.xml:30:13-96
211            android:exported="false"
211-->[com.android.billingclient:billing:6.2.1] AndroidManifest.xml:31:13-37
212            android:theme="@android:style/Theme.Translucent.NoTitleBar" />
212-->[com.android.billingclient:billing:6.2.1] AndroidManifest.xml:32:13-72
213        <activity
213-->[com.google.android.gms:play-services-base:18.3.0] AndroidManifest.xml:20:9-22:45
214            android:name="com.google.android.gms.common.api.GoogleApiActivity"
214-->[com.google.android.gms:play-services-base:18.3.0] AndroidManifest.xml:20:19-85
215            android:exported="false"
215-->[com.google.android.gms:play-services-base:18.3.0] AndroidManifest.xml:22:19-43
216            android:theme="@android:style/Theme.Translucent.NoTitleBar" />
216-->[com.google.android.gms:play-services-base:18.3.0] AndroidManifest.xml:21:19-78
217
218        <meta-data
218-->[com.google.android.gms:play-services-basement:18.3.0] AndroidManifest.xml:21:9-23:69
219            android:name="com.google.android.gms.version"
219-->[com.google.android.gms:play-services-basement:18.3.0] AndroidManifest.xml:22:13-58
220            android:value="@integer/google_play_services_version" />
220-->[com.google.android.gms:play-services-basement:18.3.0] AndroidManifest.xml:23:13-66
221
222        <service
222-->[com.google.android.datatransport:transport-backend-cct:3.1.8] AndroidManifest.xml:28:9-34:19
223            android:name="com.google.android.datatransport.runtime.backends.TransportBackendDiscovery"
223-->[com.google.android.datatransport:transport-backend-cct:3.1.8] AndroidManifest.xml:29:13-103
224            android:exported="false" >
224-->[com.google.android.datatransport:transport-backend-cct:3.1.8] AndroidManifest.xml:30:13-37
225            <meta-data
225-->[com.google.android.datatransport:transport-backend-cct:3.1.8] AndroidManifest.xml:31:13-33:39
226                android:name="backend:com.google.android.datatransport.cct.CctBackendFactory"
226-->[com.google.android.datatransport:transport-backend-cct:3.1.8] AndroidManifest.xml:32:17-94
227                android:value="cct" />
227-->[com.google.android.datatransport:transport-backend-cct:3.1.8] AndroidManifest.xml:33:17-36
228        </service>
229        <service
229-->[com.google.android.datatransport:transport-runtime:3.1.8] AndroidManifest.xml:26:9-30:19
230            android:name="com.google.android.datatransport.runtime.scheduling.jobscheduling.JobInfoSchedulerService"
230-->[com.google.android.datatransport:transport-runtime:3.1.8] AndroidManifest.xml:27:13-117
231            android:exported="false"
231-->[com.google.android.datatransport:transport-runtime:3.1.8] AndroidManifest.xml:28:13-37
232            android:permission="android.permission.BIND_JOB_SERVICE" >
232-->[com.google.android.datatransport:transport-runtime:3.1.8] AndroidManifest.xml:29:13-69
233        </service>
234
235        <receiver
235-->[com.google.android.datatransport:transport-runtime:3.1.8] AndroidManifest.xml:32:9-34:40
236            android:name="com.google.android.datatransport.runtime.scheduling.jobscheduling.AlarmManagerSchedulerBroadcastReceiver"
236-->[com.google.android.datatransport:transport-runtime:3.1.8] AndroidManifest.xml:33:13-132
237            android:exported="false" />
237-->[com.google.android.datatransport:transport-runtime:3.1.8] AndroidManifest.xml:34:13-37
238    </application>
239
240</manifest>